<?xml version="1.0" encoding="UTF-8"?>
<testng-results ignored="0" total="1" passed="1" failed="0" skipped="0">
  <reporter-output>
  </reporter-output>
  <suite started-at="2020-02-28T00:21:44Z" name="Surefire suite" finished-at="2020-02-28T00:22:11Z" duration-ms="26987">
    <groups>
    </groups>
    <test started-at="2020-02-28T00:21:44Z" name="Surefire test" finished-at="2020-02-28T00:22:11Z" duration-ms="26987">
      <class name="com.greatcourse.tests.smokeTest">
        <test-method is-config="true" signature="setupClass()[pri:0, instance:com.greatcourse.tests.smokeTest@727803de]" started-at="2020-02-28T00:21:44Z" name="setupClass" finished-at="2020-02-28T00:21:44Z" duration-ms="38" status="PASS">
          <reporter-output>
          </reporter-output>
        </test-method> <!-- setupClass -->
        <test-method is-config="true" signature="setupTest()[pri:0, instance:com.greatcourse.tests.smokeTest@727803de]" started-at="2020-02-28T00:21:44Z" name="setupTest" finished-at="2020-02-28T00:21:58Z" duration-ms="13693" status="PASS">
          <reporter-output>
          </reporter-output>
        </test-method> <!-- setupTest -->
        <test-method signature="VerifiedHomePage()[pri:0, instance:com.greatcourse.tests.smokeTest@727803de]" started-at="2020-02-28T00:21:58Z" name="VerifiedHomePage" finished-at="2020-02-28T00:22:06Z" duration-ms="8315" status="PASS">
          <reporter-output>
          </reporter-output>
        </test-method> <!-- VerifiedHomePage -->
        <test-method is-config="true" signature="afterSetup()[pri:0, instance:com.greatcourse.tests.smokeTest@727803de]" started-at="2020-02-28T00:22:06Z" name="afterSetup" finished-at="2020-02-28T00:22:10Z" duration-ms="4317" status="PASS">
          <reporter-output>
          </reporter-output>
        </test-method> <!-- afterSetup -->
        <test-method is-config="true" signature="teardown()[pri:0, instance:com.greatcourse.tests.smokeTest@727803de]" started-at="2020-02-28T00:22:10Z" name="teardown" finished-at="2020-02-28T00:22:11Z" duration-ms="598" status="PASS">
          <reporter-output>
          </reporter-output>
        </test-method> <!-- teardown -->
      </class> <!-- com.greatcourse.tests.smokeTest -->
    </test> <!-- Surefire test -->
  </suite> <!-- Surefire suite -->
</testng-results>
