<?xml version="1.0" encoding="UTF-8"?>
<testng-results skipped="0" failed="0" ignored="0" total="1" passed="1">
  <reporter-output>
  </reporter-output>
  <suite name="Default suite" duration-ms="27079" started-at="2020-02-28T01:54:35Z" finished-at="2020-02-28T01:55:02Z">
    <groups>
    </groups>
    <test name="Default test" duration-ms="27079" started-at="2020-02-28T01:54:35Z" finished-at="2020-02-28T01:55:02Z">
      <class name="com.greatcourse.tests.smokeTest">
        <test-method status="PASS" signature="setupClass()[pri:0, instance:com.greatcourse.tests.smokeTest@29774679]" name="setupClass" is-config="true" duration-ms="34" started-at="2020-02-28T01:54:35Z" finished-at="2020-02-28T01:54:35Z">
          <reporter-output>
          </reporter-output>
        </test-method> <!-- setupClass -->
        <test-method status="PASS" signature="setupTest()[pri:0, instance:com.greatcourse.tests.smokeTest@29774679]" name="setupTest" is-config="true" duration-ms="13888" started-at="2020-02-28T01:54:35Z" finished-at="2020-02-28T01:54:49Z">
          <reporter-output>
          </reporter-output>
        </test-method> <!-- setupTest -->
        <test-method status="PASS" signature="VerifiedHomePage()[pri:0, instance:com.greatcourse.tests.smokeTest@29774679]" name="VerifiedHomePage" duration-ms="8432" started-at="2020-02-28T01:54:49Z" finished-at="2020-02-28T01:54:58Z">
          <reporter-output>
          </reporter-output>
        </test-method> <!-- VerifiedHomePage -->
        <test-method status="PASS" signature="afterSetup()[pri:0, instance:com.greatcourse.tests.smokeTest@29774679]" name="afterSetup" is-config="true" duration-ms="4076" started-at="2020-02-28T01:54:58Z" finished-at="2020-02-28T01:55:02Z">
          <reporter-output>
          </reporter-output>
        </test-method> <!-- afterSetup -->
        <test-method status="PASS" signature="teardown()[pri:0, instance:com.greatcourse.tests.smokeTest@29774679]" name="teardown" is-config="true" duration-ms="606" started-at="2020-02-28T01:55:02Z" finished-at="2020-02-28T01:55:02Z">
          <reporter-output>
          </reporter-output>
        </test-method> <!-- teardown -->
      </class> <!-- com.greatcourse.tests.smokeTest -->
    </test> <!-- Default test -->
  </suite> <!-- Default suite -->
</testng-results>
