<?xml version="1.0" encoding="UTF-8"?>
<testng-results skipped="0" failed="0" ignored="0" total="1" passed="1">
  <reporter-output>
  </reporter-output>
  <suite name="Default suite" duration-ms="290753" started-at="2020-02-20T01:57:43Z" finished-at="2020-02-20T02:02:34Z">
    <groups>
    </groups>
    <test name="Default test" duration-ms="290753" started-at="2020-02-20T01:57:43Z" finished-at="2020-02-20T02:02:34Z">
      <class name="com.greatcourse.tests.smokeTest">
        <test-method status="PASS" signature="setupClass()[pri:0, instance:com.greatcourse.tests.smokeTest@5b275dab]" name="setupClass" is-config="true" duration-ms="32" started-at="2020-02-20T01:57:43Z" finished-at="2020-02-20T01:57:43Z">
          <reporter-output>
          </reporter-output>
        </test-method> <!-- setupClass -->
        <test-method status="PASS" signature="setupTest()[pri:0, instance:com.greatcourse.tests.smokeTest@5b275dab]" name="setupTest" is-config="true" duration-ms="13338" started-at="2020-02-20T01:57:43Z" finished-at="2020-02-20T01:57:57Z">
          <reporter-output>
          </reporter-output>
        </test-method> <!-- setupTest -->
        <test-method status="PASS" signature="VerifiedHomePage()[pri:0, instance:com.greatcourse.tests.smokeTest@5b275dab]" name="VerifiedHomePage" duration-ms="277313" started-at="2020-02-20T01:57:57Z" finished-at="2020-02-20T02:02:34Z">
          <reporter-output>
          </reporter-output>
        </test-method> <!-- VerifiedHomePage -->
        <test-method status="FAIL" signature="afterSetup()[pri:0, instance:com.greatcourse.tests.smokeTest@5b275dab]" name="afterSetup" is-config="true" duration-ms="17" started-at="2020-02-20T02:02:34Z" finished-at="2020-02-20T02:02:34Z">
          <exception class="org.openqa.selenium.NoSuchSessionException">
            <message>
              <![CDATA[Session ID is null. Using WebDriver after calling quit()?
Build info: version: '3.141.0', revision: '2ecb7d9a', time: '2018-10-31T20:09:30'
System info: host: 'DESKTOP-BGUR5VO', ip: '192.168.1.198', os.name: 'Windows 10', os.arch: 'amd64', os.version: '10.0', java.version: '1.8.0_241'
Driver info: driver.version: RemoteWebDriver]]>
            </message>
            <full-stacktrace>
              <![CDATA[org.openqa.selenium.NoSuchSessionException: Session ID is null. Using WebDriver after calling quit()?
Build info: version: '3.141.0', revision: '2ecb7d9a', time: '2018-10-31T20:09:30'
System info: host: 'DESKTOP-BGUR5VO', ip: '192.168.1.198', os.name: 'Windows 10', os.arch: 'amd64', os.version: '10.0', java.version: '1.8.0_241'
Driver info: driver.version: RemoteWebDriver
at org.openqa.selenium.remote.HttpCommandExecutor.execute(HttpCommandExecutor.java:125)
at org.openqa.selenium.remote.service.DriverCommandExecutor.execute(DriverCommandExecutor.java:83)
at org.openqa.selenium.remote.RemoteWebDriver.execute(RemoteWebDriver.java:552)
at org.openqa.selenium.remote.RemoteWebDriver.execute(RemoteWebDriver.java:609)
at org.openqa.selenium.remote.RemoteWebDriver.close(RemoteWebDriver.java:442)
at com.greatcourse.utilities.BasePage.afterSetup(BasePage.java:29)
at sun.reflect.NativeMethodAccessorImpl.invoke0(Native Method)
at sun.reflect.NativeMethodAccessorImpl.invoke(Unknown Source)
at sun.reflect.DelegatingMethodAccessorImpl.invoke(Unknown Source)
at java.lang.reflect.Method.invoke(Unknown Source)
at org.testng.internal.MethodInvocationHelper.invokeMethod(MethodInvocationHelper.java:124)
at org.testng.internal.MethodInvocationHelper.invokeMethodConsideringTimeout(MethodInvocationHelper.java:59)
at org.testng.internal.Invoker.invokeConfigurationMethod(Invoker.java:458)
at org.testng.internal.Invoker.invokeConfigurations(Invoker.java:222)
at org.testng.internal.Invoker.invokeMethod(Invoker.java:646)
at org.testng.internal.Invoker.invokeTestMethod(Invoker.java:719)
at org.testng.internal.Invoker.invokeTestMethods(Invoker.java:989)
at org.testng.internal.TestMethodWorker.invokeTestMethods(TestMethodWorker.java:125)
at org.testng.internal.TestMethodWorker.run(TestMethodWorker.java:109)
at org.testng.TestRunner.privateRun(TestRunner.java:648)
at org.testng.TestRunner.run(TestRunner.java:505)
at org.testng.SuiteRunner.runTest(SuiteRunner.java:455)
at org.testng.SuiteRunner.runSequentially(SuiteRunner.java:450)
at org.testng.SuiteRunner.privateRun(SuiteRunner.java:415)
at org.testng.SuiteRunner.run(SuiteRunner.java:364)
at org.testng.SuiteRunnerWorker.runSuite(SuiteRunnerWorker.java:52)
at org.testng.SuiteRunnerWorker.run(SuiteRunnerWorker.java:84)
at org.testng.TestNG.runSuitesSequentially(TestNG.java:1208)
at org.testng.TestNG.runSuitesLocally(TestNG.java:1137)
at org.testng.TestNG.runSuites(TestNG.java:1049)
at org.testng.TestNG.run(TestNG.java:1017)
at org.testng.remote.AbstractRemoteTestNG.run(AbstractRemoteTestNG.java:115)
at org.testng.remote.RemoteTestNG.initAndRun(RemoteTestNG.java:251)
at org.testng.remote.RemoteTestNG.main(RemoteTestNG.java:77)
]]>
            </full-stacktrace>
          </exception> <!-- org.openqa.selenium.NoSuchSessionException -->
          <reporter-output>
          </reporter-output>
        </test-method> <!-- afterSetup -->
        <test-method status="SKIP" signature="teardown()[pri:0, instance:com.greatcourse.tests.smokeTest@5b275dab]" name="teardown" is-config="true" duration-ms="0" started-at="2020-02-20T02:02:34Z" finished-at="2020-02-20T02:02:34Z">
          <reporter-output>
          </reporter-output>
        </test-method> <!-- teardown -->
      </class> <!-- com.greatcourse.tests.smokeTest -->
    </test> <!-- Default test -->
  </suite> <!-- Default suite -->
</testng-results>
